android/app/build/intermediates/manifest_merge_blame_file/debug/processDebugMainManifest/manifest-merger-blame-debug-report.txt
1<?xml version="1.0" encoding="utf-8"?>
2<manifest xmlns:android="http://schemas.android.com/apk/res/android"
3    package="com.client"
4    android:versionCode="1"
5    android:versionName="1.0" >
6
7    <uses-sdk
8        android:minSdkVersion="24"
9        android:targetSdkVersion="36" />
10
11    <uses-permission android:name="android.permission.INTERNET" />
11-->src/main/AndroidManifest.xml:3:5-67
11-->src/main/AndroidManifest.xml:3:22-64
12    <uses-permission android:name="android.permission.ACCESS_FINE_LOCATION" />
12-->src/main/AndroidManifest.xml:4:5-79
12-->src/main/AndroidManifest.xml:4:22-76
13    <uses-permission android:name="android.permission.ACCESS_COARSE_LOCATION" />
13-->src/main/AndroidManifest.xml:5:5-81
13-->src/main/AndroidManifest.xml:5:22-78
14    <!--
15    This manifest file is used only by Gradle to configure debug-only capabilities
16    for React Native Apps.
17    -->
18    <uses-permission android:name="android.permission.SYSTEM_ALERT_WINDOW" />
18-->[com.facebook.react:react-android:0.83.1] AndroidManifest.xml:16:5-78
18-->[com.facebook.react:react-android:0.83.1] AndroidManifest.xml:16:22-75
19
20    <permission
20-->[androidx.core:core:1.16.0] AndroidManifest.xml:22:5-24:47
21        android:name="com.client.DYNAMIC_RECEIVER_NOT_EXPORTED_PERMISSION"
21-->[androidx.core:core:1.16.0] AndroidManifest.xml:23:9-81
22        android:protectionLevel="signature" />
22-->[androidx.core:core:1.16.0] AndroidManifest.xml:24:9-44
23
24    <uses-permission android:name="com.client.DYNAMIC_RECEIVER_NOT_EXPORTED_PERMISSION" />
24-->[androidx.core:core:1.16.0] AndroidManifest.xml:26:5-97
24-->[androidx.core:core:1.16.0] AndroidManifest.xml:26:22-94
25
26    <application
27        android:name="com.client.MainApplication"
27-->src/main/AndroidManifest.xml:8:7-38
28        android:allowBackup="false"
28-->src/main/AndroidManifest.xml:12:7-34
29        android:appComponentFactory="androidx.core.app.CoreComponentFactory"
29-->[androidx.core:core:1.16.0] AndroidManifest.xml:28:18-86
30        android:debuggable="true"
31        android:extractNativeLibs="false"
32        android:icon="@mipmap/ic_launcher"
32-->src/main/AndroidManifest.xml:10:7-41
33        android:label="@string/app_name"
33-->src/main/AndroidManifest.xml:9:7-39
34        android:roundIcon="@mipmap/ic_launcher_round"
34-->src/main/AndroidManifest.xml:11:7-52
35        android:supportsRtl="true"
35-->src/main/AndroidManifest.xml:15:7-33
36        android:theme="@style/AppTheme"
36-->src/main/AndroidManifest.xml:13:7-38
37        android:usesCleartextTraffic="true" >
37-->src/main/AndroidManifest.xml:14:7-61
38        <activity
38-->src/main/AndroidManifest.xml:16:7-27:18
39            android:name="com.client.MainActivity"
39-->src/main/AndroidManifest.xml:17:9-37
40            android:configChanges="keyboard|keyboardHidden|orientation|screenLayout|screenSize|smallestScreenSize|uiMode"
40-->src/main/AndroidManifest.xml:19:9-118
41            android:exported="true"
41-->src/main/AndroidManifest.xml:22:9-32
42            android:label="@string/app_name"
42-->src/main/AndroidManifest.xml:18:9-41
43            android:launchMode="singleTask"
43-->src/main/AndroidManifest.xml:20:9-40
44            android:windowSoftInputMode="adjustResize" >
44-->src/main/AndroidManifest.xml:21:9-51
45            <intent-filter>
45-->src/main/AndroidManifest.xml:23:9-26:25
46                <action android:name="android.intent.action.MAIN" />
46-->src/main/AndroidManifest.xml:24:13-65
46-->src/main/AndroidManifest.xml:24:21-62
47
48                <category android:name="android.intent.category.LAUNCHER" />
48-->src/main/AndroidManifest.xml:25:13-73
48-->src/main/AndroidManifest.xml:25:23-70
49            </intent-filter>
50        </activity>
51        <activity
51-->[com.facebook.react:react-android:0.83.1] AndroidManifest.xml:19:9-21:40
52            android:name="com.facebook.react.devsupport.DevSettingsActivity"
52-->[com.facebook.react:react-android:0.83.1] AndroidManifest.xml:20:13-77
53            android:exported="false" />
53-->[com.facebook.react:react-android:0.83.1] AndroidManifest.xml:21:13-37
54        <activity
54-->[com.google.android.gms:play-services-base:17.5.0] AndroidManifest.xml:23:9-26:75
55            android:name="com.google.android.gms.common.api.GoogleApiActivity"
55-->[com.google.android.gms:play-services-base:17.5.0] AndroidManifest.xml:24:13-79
56            android:exported="false"
56-->[com.google.android.gms:play-services-base:17.5.0] AndroidManifest.xml:25:13-37
57            android:theme="@android:style/Theme.Translucent.NoTitleBar" />
57-->[com.google.android.gms:play-services-base:17.5.0] AndroidManifest.xml:26:13-72
58
59        <meta-data
59-->[com.google.android.gms:play-services-basement:17.5.0] AndroidManifest.xml:23:9-25:69
60            android:name="com.google.android.gms.version"
60-->[com.google.android.gms:play-services-basement:17.5.0] AndroidManifest.xml:24:13-58
61            android:value="@integer/google_play_services_version" />
61-->[com.google.android.gms:play-services-basement:17.5.0] AndroidManifest.xml:25:13-66
62
63        <provider
63-->[androidx.emoji2:emoji2:1.3.0] AndroidManifest.xml:24:9-32:20
64            android:name="androidx.startup.InitializationProvider"
64-->[androidx.emoji2:emoji2:1.3.0] AndroidManifest.xml:25:13-67
65            android:authorities="com.client.androidx-startup"
65-->[androidx.emoji2:emoji2:1.3.0] AndroidManifest.xml:26:13-68
66            android:exported="false" >
66-->[androidx.emoji2:emoji2:1.3.0] AndroidManifest.xml:27:13-37
67            <meta-data
67-->[androidx.emoji2:emoji2:1.3.0] AndroidManifest.xml:29:13-31:52
68                android:name="androidx.emoji2.text.EmojiCompatInitializer"
68-->[androidx.emoji2:emoji2:1.3.0] AndroidManifest.xml:30:17-75
69                android:value="androidx.startup" />
69-->[androidx.emoji2:emoji2:1.3.0] AndroidManifest.xml:31:17-49
70            <meta-data
70-->[androidx.lifecycle:lifecycle-process:2.6.2] AndroidManifest.xml:29:13-31:52
71                android:name="androidx.lifecycle.ProcessLifecycleInitializer"
71-->[androidx.lifecycle:lifecycle-process:2.6.2] AndroidManifest.xml:30:17-78
72                android:value="androidx.startup" />
72-->[androidx.lifecycle:lifecycle-process:2.6.2] AndroidManifest.xml:31:17-49
73            <meta-data
73-->[androidx.profileinstaller:profileinstaller:1.3.1] AndroidManifest.xml:29:13-31:52
74                android:name="androidx.profileinstaller.ProfileInstallerInitializer"
74-->[androidx.profileinstaller:profileinstaller:1.3.1] AndroidManifest.xml:30:17-85
75                android:value="androidx.startup" />
75-->[androidx.profileinstaller:profileinstaller:1.3.1] AndroidManifest.xml:31:17-49
76        </provider>
77
78        <receiver
78-->[androidx.profileinstaller:profileinstaller:1.3.1] AndroidManifest.xml:34:9-52:20
79            android:name="androidx.profileinstaller.ProfileInstallReceiver"
79-->[androidx.profileinstaller:profileinstaller:1.3.1] AndroidManifest.xml:35:13-76
80            android:directBootAware="false"
80-->[androidx.profileinstaller:profileinstaller:1.3.1] AndroidManifest.xml:36:13-44
81            android:enabled="true"
81-->[androidx.profileinstaller:profileinstaller:1.3.1] AndroidManifest.xml:37:13-35
82            android:exported="true"
82-->[androidx.profileinstaller:profileinstaller:1.3.1] AndroidManifest.xml:38:13-36
83            android:permission="android.permission.DUMP" >
83-->[androidx.profileinstaller:profileinstaller:1.3.1] AndroidManifest.xml:39:13-57
84            <intent-filter>
84-->[androidx.profileinstaller:profileinstaller:1.3.1] AndroidManifest.xml:40:13-42:29
85                <action android:name="androidx.profileinstaller.action.INSTALL_PROFILE" />
85-->[androidx.profileinstaller:profileinstaller:1.3.1] AndroidManifest.xml:41:17-91
85-->[androidx.profileinstaller:profileinstaller:1.3.1] AndroidManifest.xml:41:25-88
86            </intent-filter>
87            <intent-filter>
87-->[androidx.profileinstaller:profileinstaller:1.3.1] AndroidManifest.xml:43:13-45:29
88                <action android:name="androidx.profileinstaller.action.SKIP_FILE" />
88-->[androidx.profileinstaller:profileinstaller:1.3.1] AndroidManifest.xml:44:17-85
88-->[androidx.profileinstaller:profileinstaller:1.3.1] AndroidManifest.xml:44:25-82
89            </intent-filter>
90            <intent-filter>
90-->[androidx.profileinstaller:profileinstaller:1.3.1] AndroidManifest.xml:46:13-48:29
91                <action android:name="androidx.profileinstaller.action.SAVE_PROFILE" />
91-->[androidx.profileinstaller:profileinstaller:1.3.1] AndroidManifest.xml:47:17-88
91-->[androidx.profileinstaller:profileinstaller:1.3.1] AndroidManifest.xml:47:25-85
92            </intent-filter>
93            <intent-filter>
93-->[androidx.profileinstaller:profileinstaller:1.3.1] AndroidManifest.xml:49:13-51:29
94                <action android:name="androidx.profileinstaller.action.BENCHMARK_OPERATION" />
94-->[androidx.profileinstaller:profileinstaller:1.3.1] AndroidManifest.xml:50:17-95
94-->[androidx.profileinstaller:profileinstaller:1.3.1] AndroidManifest.xml:50:25-92
95            </intent-filter>
96        </receiver>
97
98        <meta-data
98-->[com.facebook.soloader:soloader:0.12.1] AndroidManifest.xml:12:9-14:37
99            android:name="com.facebook.soloader.enabled"
99-->[com.facebook.soloader:soloader:0.12.1] AndroidManifest.xml:13:13-57
100            android:value="false" />
100-->[com.facebook.soloader:soloader:0.12.1] AndroidManifest.xml:14:13-34
101    </application>
102
103</manifest>